<?xml version="1.0" encoding="UTF-8"?>
<!-- Generated by org.testng.reporters.JUnitReportReporter -->
<testsuite hostname="DESKTOP-MOEREO5" failures="0" tests="2" name="Mavenselenium.Framemaven.RestApiTest" time="0.006" errors="0" timestamp="2022-03-21T07:15:00 IST" skipped="0">
  <testcase classname="Mavenselenium.Framemaven.RestApiTest" name="rest" time="0.003"/>
  <system-out/>
  <testcase classname="Mavenselenium.Framemaven.RestApiTest" name="tinga" time="0.003"/>
  <system-out/>
</testsuite> <!-- Mavenselenium.Framemaven.RestApiTest -->
