<?xml version="1.0" encoding="UTF-8"?>
<!-- Generated by org.testng.reporters.JUnitReportReporter -->
<testsuite hostname="DESKTOP-MOEREO5" failures="0" tests="2" name="Mavenselenium.Framemaven.SeleniumTest" time="0.019" errors="0" timestamp="2022-03-21T07:15:00 IST" skipped="0">
  <testcase classname="Mavenselenium.Framemaven.SeleniumTest" name="seleni" time="0.002"/>
  <system-out/>
  <testcase classname="Mavenselenium.Framemaven.SeleniumTest" name="javaseleni" time="0.017"/>
  <system-out/>
</testsuite> <!-- Mavenselenium.Framemaven.SeleniumTest -->
