<?xml version="1.0" encoding="UTF-8"?>
<!-- Generated by org.testng.reporters.JUnitReportReporter -->
<testsuite hostname="DESKTOP-MOEREO5" failures="0" tests="2" name="Mavenselenium.Framemaven.ApiumTest" time="0.005" errors="0" timestamp="2022-03-08T04:26:56 IST" skipped="0">
  <testcase classname="Mavenselenium.Framemaven.ApiumTest" name="appi" time="0.005"/>
  <system-out/>
  <testcase classname="Mavenselenium.Framemaven.ApiumTest" name="umm" time="0.000"/>
  <system-out/>
</testsuite> <!-- Mavenselenium.Framemaven.ApiumTest -->
