<?xml version="1.0" encoding="UTF-8"?>
<!-- Generated by org.testng.reporters.JUnitReportReporter -->
<testsuite hostname="DESKTOP-MOEREO5" failures="0" tests="2" name="Mavenselenium.Framemaven.SeleniumTest" time="0.000" errors="0" timestamp="2022-03-08T04:26:56 IST" skipped="0">
  <testcase classname="Mavenselenium.Framemaven.SeleniumTest" name="seleni" time="0.000"/>
  <system-out/>
  <testcase classname="Mavenselenium.Framemaven.SeleniumTest" name="javaseleni" time="0.000"/>
  <system-out/>
</testsuite> <!-- Mavenselenium.Framemaven.SeleniumTest -->
